SF:lib/main.dart
DA:4,0
DA:5,0
DA:9,1
DA:11,0
DA:13,0
DA:15,0
LF:6
LH:1
end_of_record
SF:lib/travel_planner_app.dart
DA:7,1
DA:9,0
DA:10,0
DA:16,0
DA:20,0
DA:21,0
DA:22,0
DA:26,0
DA:27,0
DA:28,0
DA:32,0
DA:34,0
DA:35,0
DA:36,0
DA:37,0
DA:38,0
DA:39,0
DA:40,0
DA:41,0
DA:42,0
DA:44,0
DA:45,0
DA:46,0
DA:47,0
DA:48,0
DA:50,0
DA:52,0
DA:58,0
DA:59,0
DA:60,0
DA:62,0
DA:64,0
LF:32
LH:1
end_of_record
SF:lib/itinerary_form.dart
DA:4,0
DA:6,0
LF:2
LH:0
end_of_record
SF:lib/itinerary_travel_details.dart
DA:8,1
DA:10,1
DA:11,1
DA:20,1
DA:22,2
DA:23,1
DA:36,1
DA:38,1
DA:39,2
DA:40,1
DA:41,1
DA:42,1
DA:43,1
DA:44,1
DA:45,1
DA:47,1
DA:48,1
DA:49,1
DA:51,1
DA:52,2
DA:54,1
DA:55,1
DA:57,2
DA:58,1
DA:60,2
DA:62,1
DA:63,1
DA:64,2
DA:65,1
DA:68,0
DA:70,1
DA:72,1
DA:73,1
DA:75,1
DA:76,2
DA:78,1
DA:79,1
DA:81,2
DA:82,1
DA:84,2
DA:86,1
DA:87,1
DA:88,2
DA:89,1
DA:90,2
DA:93,0
DA:95,1
DA:97,1
DA:98,1
DA:100,1
DA:101,2
DA:103,1
DA:104,1
DA:106,2
DA:107,0
DA:109,1
DA:111,1
DA:112,1
DA:114,1
DA:115,2
DA:117,1
DA:118,1
DA:120,2
DA:121,0
DA:123,1
DA:125,1
DA:126,1
DA:128,1
DA:130,1
DA:131,2
DA:133,1
DA:134,1
DA:136,1
DA:137,1
DA:139,1
DA:140,1
DA:141,1
DA:145,1
DA:147,1
DA:151,1
DA:152,1
DA:153,1
DA:154,1
DA:155,1
DA:156,1
DA:159,2
DA:160,2
DA:161,2
DA:162,5
DA:167,0
DA:169,1
DA:172,1
DA:173,1
DA:175,1
DA:177,1
DA:178,2
DA:180,1
DA:181,1
DA:183,1
DA:184,1
DA:186,1
DA:187,1
DA:188,1
DA:192,1
DA:194,1
DA:198,1
DA:199,1
DA:200,1
DA:201,1
DA:202,1
DA:203,1
DA:206,2
DA:207,2
DA:208,2
DA:209,5
DA:214,0
DA:216,1
DA:218,1
DA:219,1
DA:221,1
DA:222,2
DA:224,1
DA:225,1
DA:227,2
DA:228,0
DA:230,1
DA:234,1
DA:235,2
DA:236,1
DA:237,1
DA:238,1
DA:239,1
DA:240,2
DA:241,3
DA:242,1
DA:243,2
DA:244,0
DA:245,0
DA:246,0
DA:247,0
DA:249,0
DA:254,1
DA:259,1
DA:260,1
DA:261,1
DA:262,1
DA:263,1
DA:264,1
DA:265,1
DA:266,1
DA:267,1
DA:268,1
DA:269,0
DA:270,0
DA:275,1
DA:276,1
DA:277,1
DA:278,1
DA:279,1
DA:280,1
DA:281,1
DA:282,1
DA:283,1
DA:286,2
DA:288,1
DA:290,1
DA:291,2
DA:296,1
LF:168
LH:154
end_of_record
SF:lib/model/travel_details.dart
DA:11,1
DA:22,1
DA:24,4
DA:25,3
DA:26,2
LF:5
LH:5
end_of_record
SF:lib/model/attraction.dart
DA:8,0
DA:16,0
DA:18,0
LF:3
LH:0
end_of_record
SF:lib/next_page.dart
DA:8,1
DA:10,1
DA:12,1
DA:13,2
DA:14,1
DA:15,1
DA:16,1
DA:17,1
DA:18,1
DA:19,3
DA:20,3
DA:21,3
DA:22,3
DA:23,3
DA:24,3
DA:25,1
DA:27,1
DA:28,3
DA:29,1
DA:31,1
DA:32,3
DA:33,0
DA:35,1
DA:37,2
DA:43,1
DA:45,1
DA:46,1
DA:48,1
DA:49,2
DA:51,0
DA:52,0
DA:54,0
DA:57,1
DA:59,1
DA:66,1
DA:67,1
DA:69,1
DA:71,1
DA:76,1
DA:77,1
DA:79,1
DA:81,1
DA:82,1
DA:83,1
DA:84,1
DA:86,1
DA:87,1
DA:89,1
LF:48
LH:44
end_of_record
SF:lib/model/itinerary.dart
DA:17,0
DA:29,0
LF:2
LH:0
end_of_record
